2019-06-12 11:11:01.350  INFO 9860 --- [restartedMain] com.tlongx.sorder.SorderApplication      : Starting SorderApplication on tlongx-java with PID 9860 (C:\IDEAWorkSpace\sorder\target\classes started by tlongx-JAVA in C:\IDEAWorkSpace\sorder)
2019-06-12 11:11:01.356  INFO 9860 --- [restartedMain] com.tlongx.sorder.SorderApplication      : No active profile set, falling back to default profiles: default
2019-06-12 11:11:01.493  INFO 9860 --- [restartedMain] .e.DevToolsPropertyDefaultsPostProcessor : Devtools property defaults active! Set 'spring.devtools.add-properties' to 'false' to disable
2019-06-12 11:11:01.493  INFO 9860 --- [restartedMain] .e.DevToolsPropertyDefaultsPostProcessor : For additional web related logging consider setting the 'logging.level.web' property to 'DEBUG'
2019-06-12 11:11:04.172  WARN 9860 --- [restartedMain] o.m.s.mapper.ClassPathMapperScanner      : No MyBatis mapper was found in '[com.tlongx.sorder]' package. Please check your configuration.
2019-06-12 11:11:04.852  INFO 9860 --- [restartedMain] trationDelegate$BeanPostProcessorChecker : Bean 'org.springframework.transaction.annotation.ProxyTransactionManagementConfiguration' of type [org.springframework.transaction.annotation.ProxyTransactionManagementConfiguration$$EnhancerBySpringCGLIB$$7490e960] is not eligible for getting processed by all BeanPostProcessors (for example: not eligible for auto-proxying)
2019-06-12 11:11:05.843  INFO 9860 --- [restartedMain] o.s.b.w.embedded.tomcat.TomcatWebServer  : Tomcat initialized with port(s): 8081 (http)
2019-06-12 11:11:05.878  INFO 9860 --- [restartedMain] o.apache.catalina.core.StandardService   : Starting service [Tomcat]
2019-06-12 11:11:05.878  INFO 9860 --- [restartedMain] org.apache.catalina.core.StandardEngine  : Starting Servlet engine: [Apache Tomcat/9.0.14]
2019-06-12 11:11:05.889  INFO 9860 --- [restartedMain] o.a.catalina.core.AprLifecycleListener   : The APR based Apache Tomcat Native library which allows optimal performance in production environments was not found on the java.library.path: [C:\Program Files\Java\jdk1.8.0_211\bin;C:\WINDOWS\Sun\Java\bin;C:\WINDOWS\system32;C:\WINDOWS;C:\Program Files (x86)\Common Files\Oracle\Java\javapath;C:\Program Files\erl10.0.1\bin;C:\Program Files\Java\jdk1.8.0_211\bin;C:\Program Files\Java\jdk1.8.0_211\jre\bin;C:\javahj\apache-maven-3.5.4\bin;c:\windows\system32;C:\Program Files\nodejs\;C:\Program Files\TortoiseSVN\bin;C:\Program Files\Git\cmd;C:\Program Files\RabbitMQ Server\rabbitmq_server-3.7.8\sbin;C:\Users\tlongx-meetingRoom\AppData\Local\Microsoft\WindowsApps;C:\Users\tlongx-meetingRoom\AppData\Roaming\npm;.]
2019-06-12 11:11:06.064  INFO 9860 --- [restartedMain] o.a.c.c.C.[.[localhost].[/sorder]        : Initializing Spring embedded WebApplicationContext
2019-06-12 11:11:06.064  INFO 9860 --- [restartedMain] o.s.web.context.ContextLoader            : Root WebApplicationContext: initialization completed in 4569 ms
2019-06-12 11:11:06.392  INFO 9860 --- [restartedMain] c.a.d.s.b.a.DruidDataSourceAutoConfigure : Init DruidDataSource
2019-06-12 11:11:07.221  INFO 9860 --- [restartedMain] com.alibaba.druid.pool.DruidDataSource   : {dataSource-1} inited
2019-06-12 11:11:10.377  INFO 9860 --- [restartedMain] pertySourcedRequestMappingHandlerMapping : Mapped URL path [/v2/api-docs] onto method [public org.springframework.http.ResponseEntity<springfox.documentation.spring.web.json.Json> springfox.documentation.swagger2.web.Swagger2Controller.getDocumentation(java.lang.String,javax.servlet.http.HttpServletRequest)]
2019-06-12 11:11:10.667  INFO 9860 --- [restartedMain] o.s.s.concurrent.ThreadPoolTaskExecutor  : Initializing ExecutorService 'applicationTaskExecutor'
2019-06-12 11:11:10.774  INFO 9860 --- [restartedMain] o.s.b.d.a.OptionalLiveReloadServer       : LiveReload server is running on port 35729
2019-06-12 11:11:11.167  INFO 9860 --- [restartedMain] o.s.s.c.ThreadPoolTaskScheduler          : Initializing ExecutorService 'taskScheduler'
2019-06-12 11:11:11.291  INFO 9860 --- [restartedMain] d.s.w.p.DocumentationPluginsBootstrapper : Context refreshed
2019-06-12 11:11:11.324  INFO 9860 --- [restartedMain] d.s.w.p.DocumentationPluginsBootstrapper : Found 1 custom documentation plugin(s)
2019-06-12 11:11:11.389  INFO 9860 --- [restartedMain] s.d.s.w.s.ApiListingReferenceScanner     : Scanning for api listing references
2019-06-12 11:11:11.642  WARN 9860 --- [restartedMain] s.d.s.w.r.p.ParameterDataTypeReader      : Trying to infer dataType org.springframework.web.multipart.MultipartFile[]
2019-06-12 11:11:11.643  WARN 9860 --- [restartedMain] s.d.s.w.r.p.ParameterDataTypeReader      : Trying to infer dataType com.tlongx.common.enums.ResourceType
2019-06-12 11:11:11.644  WARN 9860 --- [restartedMain] s.d.s.w.r.p.ParameterDataTypeReader      : Trying to infer dataType com.tlongx.common.enums.ResourceBusiness
2019-06-12 11:11:11.980  INFO 9860 --- [restartedMain] .d.s.w.r.o.CachingOperationNameGenerator : Generating unique operation named: getFoodCategoryListUsingPOST_1
2019-06-12 11:11:12.063  INFO 9860 --- [restartedMain] .d.s.w.r.o.CachingOperationNameGenerator : Generating unique operation named: getWindowListUsingPOST_1
2019-06-12 11:11:12.216  INFO 9860 --- [restartedMain] .d.s.w.r.o.CachingOperationNameGenerator : Generating unique operation named: getUserInfoUsingPOST_1
2019-06-12 11:11:12.219  INFO 9860 --- [restartedMain] .d.s.w.r.o.CachingOperationNameGenerator : Generating unique operation named: getUserSupplierInfoUsingPOST_1
2019-06-12 11:11:12.221  INFO 9860 --- [restartedMain] .d.s.w.r.o.CachingOperationNameGenerator : Generating unique operation named: getWindowListUsingPOST_2
2019-06-12 11:11:12.223  INFO 9860 --- [restartedMain] .d.s.w.r.o.CachingOperationNameGenerator : Generating unique operation named: loginUsingPOST_1
2019-06-12 11:11:12.299  INFO 9860 --- [restartedMain] o.s.b.w.embedded.tomcat.TomcatWebServer  : Tomcat started on port(s): 8081 (http) with context path '/sorder'
2019-06-12 11:11:12.304  INFO 9860 --- [restartedMain] com.tlongx.sorder.SorderApplication      : Started SorderApplication in 11.722 seconds (JVM running for 13.043)
2019-06-12 11:11:23.946  INFO 9860 --- [http-nio-8081-exec-1] o.a.c.c.C.[.[localhost].[/sorder]        : Initializing Spring DispatcherServlet 'dispatcherServlet'
2019-06-12 11:11:23.947  INFO 9860 --- [http-nio-8081-exec-1] o.s.web.servlet.DispatcherServlet        : Initializing Servlet 'dispatcherServlet'
2019-06-12 11:11:23.966  INFO 9860 --- [http-nio-8081-exec-1] o.s.web.servlet.DispatcherServlet        : Completed initialization in 19 ms
2019-06-12 11:11:24.021  INFO 9860 --- [http-nio-8081-exec-1] com.tlongx.common.aspect.WebLogAspect    : URL : http://18.10.1.198:8081/sorder/order/getQrOrder
2019-06-12 11:11:24.022  INFO 9860 --- [http-nio-8081-exec-1] com.tlongx.common.aspect.WebLogAspect    : ARGS : [214]
2019-06-12 11:11:24.217  INFO 9860 --- [http-nio-8081-exec-1] com.tlongx.common.aspect.WebLogAspect    : RESPONSE : TLResult(msg=请求成功, code=200, data=[OrderDto(id=214, oid=O1560251384617477704, uid=a4fa0be52f1740a798bbf45d35a2e751, status=3, payType=1, payPrice=20.01, outTradeNo=OTN1560251384554585503, foodName=拉面, num=1, wfid=112, taste=null, username=蔡老师, sname=黄坡一中, cname=东校区食堂, wname=1号窗口), OrderDto(id=214, oid=O1560251384617477704, uid=a4fa0be52f1740a798bbf45d35a2e751, status=3, payType=1, payPrice=20.01, outTradeNo=OTN1560251384554585503, foodName=拉面, num=1, wfid=112, taste=null, username=蔡老师, sname=黄坡一中, cname=东校区食堂, wname=1号窗口), OrderDto(id=214, oid=O1560251384617477704, uid=a4fa0be52f1740a798bbf45d35a2e751, status=3, payType=1, payPrice=20.01, outTradeNo=OTN1560251384554585503, foodName=拉面, num=1, wfid=112, taste=null, username=蔡老师, sname=黄坡一中, cname=东校区食堂, wname=1号窗口)])
2019-06-12 11:11:24.218  INFO 9860 --- [http-nio-8081-exec-1] com.tlongx.common.aspect.WebLogAspect    : 耗时：198ms
2019-06-12 11:11:26.590  INFO 9860 --- [Thread-32] o.s.s.c.ThreadPoolTaskScheduler          : Shutting down ExecutorService 'taskScheduler'
2019-06-12 11:11:26.592  INFO 9860 --- [Thread-32] o.s.s.concurrent.ThreadPoolTaskExecutor  : Shutting down ExecutorService 'applicationTaskExecutor'
2019-06-12 11:11:26.599  INFO 9860 --- [Thread-32] com.alibaba.druid.pool.DruidDataSource   : {dataSource-1} closed
2019-06-12 11:11:44.805  INFO 17072 --- [restartedMain] com.tlongx.sorder.SorderApplication      : Starting SorderApplication on tlongx-java with PID 17072 (C:\IDEAWorkSpace\sorder\target\classes started by tlongx-JAVA in C:\IDEAWorkSpace\sorder)
2019-06-12 11:11:44.811  INFO 17072 --- [restartedMain] com.tlongx.sorder.SorderApplication      : No active profile set, falling back to default profiles: default
2019-06-12 11:11:44.943  INFO 17072 --- [restartedMain] .e.DevToolsPropertyDefaultsPostProcessor : Devtools property defaults active! Set 'spring.devtools.add-properties' to 'false' to disable
2019-06-12 11:11:44.944  INFO 17072 --- [restartedMain] .e.DevToolsPropertyDefaultsPostProcessor : For additional web related logging consider setting the 'logging.level.web' property to 'DEBUG'
2019-06-12 11:11:47.249  WARN 17072 --- [restartedMain] o.m.s.mapper.ClassPathMapperScanner      : No MyBatis mapper was found in '[com.tlongx.sorder]' package. Please check your configuration.
2019-06-12 11:11:47.827  INFO 17072 --- [restartedMain] trationDelegate$BeanPostProcessorChecker : Bean 'org.springframework.transaction.annotation.ProxyTransactionManagementConfiguration' of type [org.springframework.transaction.annotation.ProxyTransactionManagementConfiguration$$EnhancerBySpringCGLIB$$c9bc709] is not eligible for getting processed by all BeanPostProcessors (for example: not eligible for auto-proxying)
2019-06-12 11:11:48.862  INFO 17072 --- [restartedMain] o.s.b.w.embedded.tomcat.TomcatWebServer  : Tomcat initialized with port(s): 8081 (http)
2019-06-12 11:11:48.896  INFO 17072 --- [restartedMain] o.apache.catalina.core.StandardService   : Starting service [Tomcat]
2019-06-12 11:11:48.897  INFO 17072 --- [restartedMain] org.apache.catalina.core.StandardEngine  : Starting Servlet engine: [Apache Tomcat/9.0.14]
2019-06-12 11:11:48.909  INFO 17072 --- [restartedMain] o.a.catalina.core.AprLifecycleListener   : The APR based Apache Tomcat Native library which allows optimal performance in production environments was not found on the java.library.path: [C:\Program Files\Java\jdk1.8.0_211\bin;C:\WINDOWS\Sun\Java\bin;C:\WINDOWS\system32;C:\WINDOWS;C:\Program Files (x86)\Common Files\Oracle\Java\javapath;C:\Program Files\erl10.0.1\bin;C:\Program Files\Java\jdk1.8.0_211\bin;C:\Program Files\Java\jdk1.8.0_211\jre\bin;C:\javahj\apache-maven-3.5.4\bin;c:\windows\system32;C:\Program Files\nodejs\;C:\Program Files\TortoiseSVN\bin;C:\Program Files\Git\cmd;C:\Program Files\RabbitMQ Server\rabbitmq_server-3.7.8\sbin;C:\Users\tlongx-meetingRoom\AppData\Local\Microsoft\WindowsApps;C:\Users\tlongx-meetingRoom\AppData\Roaming\npm;.]
2019-06-12 11:11:49.079  INFO 17072 --- [restartedMain] o.a.c.c.C.[.[localhost].[/sorder]        : Initializing Spring embedded WebApplicationContext
2019-06-12 11:11:49.079  INFO 17072 --- [restartedMain] o.s.web.context.ContextLoader            : Root WebApplicationContext: initialization completed in 4135 ms
2019-06-12 11:11:49.425  INFO 17072 --- [restartedMain] c.a.d.s.b.a.DruidDataSourceAutoConfigure : Init DruidDataSource
2019-06-12 11:11:50.304  INFO 17072 --- [restartedMain] com.alibaba.druid.pool.DruidDataSource   : {dataSource-1} inited
2019-06-12 11:11:53.540  INFO 17072 --- [restartedMain] pertySourcedRequestMappingHandlerMapping : Mapped URL path [/v2/api-docs] onto method [public org.springframework.http.ResponseEntity<springfox.documentation.spring.web.json.Json> springfox.documentation.swagger2.web.Swagger2Controller.getDocumentation(java.lang.String,javax.servlet.http.HttpServletRequest)]
2019-06-12 11:11:53.842  INFO 17072 --- [restartedMain] o.s.s.concurrent.ThreadPoolTaskExecutor  : Initializing ExecutorService 'applicationTaskExecutor'
2019-06-12 11:11:53.957  INFO 17072 --- [restartedMain] o.s.b.d.a.OptionalLiveReloadServer       : LiveReload server is running on port 35729
2019-06-12 11:11:54.380  INFO 17072 --- [restartedMain] o.s.s.c.ThreadPoolTaskScheduler          : Initializing ExecutorService 'taskScheduler'
2019-06-12 11:11:54.512  INFO 17072 --- [restartedMain] d.s.w.p.DocumentationPluginsBootstrapper : Context refreshed
2019-06-12 11:11:54.544  INFO 17072 --- [restartedMain] d.s.w.p.DocumentationPluginsBootstrapper : Found 1 custom documentation plugin(s)
2019-06-12 11:11:54.606  INFO 17072 --- [restartedMain] s.d.s.w.s.ApiListingReferenceScanner     : Scanning for api listing references
2019-06-12 11:11:54.864  WARN 17072 --- [restartedMain] s.d.s.w.r.p.ParameterDataTypeReader      : Trying to infer dataType org.springframework.web.multipart.MultipartFile[]
2019-06-12 11:11:54.866  WARN 17072 --- [restartedMain] s.d.s.w.r.p.ParameterDataTypeReader      : Trying to infer dataType com.tlongx.common.enums.ResourceType
2019-06-12 11:11:54.867  WARN 17072 --- [restartedMain] s.d.s.w.r.p.ParameterDataTypeReader      : Trying to infer dataType com.tlongx.common.enums.ResourceBusiness
2019-06-12 11:11:55.202  INFO 17072 --- [restartedMain] .d.s.w.r.o.CachingOperationNameGenerator : Generating unique operation named: getFoodCategoryListUsingPOST_1
2019-06-12 11:11:55.289  INFO 17072 --- [restartedMain] .d.s.w.r.o.CachingOperationNameGenerator : Generating unique operation named: getWindowListUsingPOST_1
2019-06-12 11:11:55.485  INFO 17072 --- [restartedMain] .d.s.w.r.o.CachingOperationNameGenerator : Generating unique operation named: getUserInfoUsingPOST_1
2019-06-12 11:11:55.488  INFO 17072 --- [restartedMain] .d.s.w.r.o.CachingOperationNameGenerator : Generating unique operation named: getUserSupplierInfoUsingPOST_1
2019-06-12 11:11:55.489  INFO 17072 --- [restartedMain] .d.s.w.r.o.CachingOperationNameGenerator : Generating unique operation named: getWindowListUsingPOST_2
2019-06-12 11:11:55.491  INFO 17072 --- [restartedMain] .d.s.w.r.o.CachingOperationNameGenerator : Generating unique operation named: loginUsingPOST_1
2019-06-12 11:11:55.579  INFO 17072 --- [restartedMain] o.s.b.w.embedded.tomcat.TomcatWebServer  : Tomcat started on port(s): 8081 (http) with context path '/sorder'
2019-06-12 11:11:55.584  INFO 17072 --- [restartedMain] com.tlongx.sorder.SorderApplication      : Started SorderApplication in 11.527 seconds (JVM running for 12.829)
2019-06-12 11:15:04.319  INFO 17072 --- [http-nio-8081-exec-3] o.a.c.c.C.[.[localhost].[/sorder]        : Initializing Spring DispatcherServlet 'dispatcherServlet'
2019-06-12 11:15:04.320  INFO 17072 --- [http-nio-8081-exec-3] o.s.web.servlet.DispatcherServlet        : Initializing Servlet 'dispatcherServlet'
2019-06-12 11:15:04.336  INFO 17072 --- [http-nio-8081-exec-3] o.s.web.servlet.DispatcherServlet        : Completed initialization in 16 ms
2019-06-12 11:15:04.395  INFO 17072 --- [http-nio-8081-exec-3] com.tlongx.common.aspect.WebLogAspect    : URL : http://18.10.1.198:8081/sorder/user/login
2019-06-12 11:15:04.396  INFO 17072 --- [http-nio-8081-exec-3] com.tlongx.common.aspect.WebLogAspect    : ARGS : [null, 13200001111, 13200001111, 2]
2019-06-12 11:15:04.906  INFO 17072 --- [http-nio-8081-exec-3] com.tlongx.common.aspect.WebLogAspect    : RESPONSE : TLResult(msg=请求成功, code=200, data={uid=ad05ee2128984662a9878ec897543ae4, wid=29, uname=三员工, phone=13200001111, sname=黄坡一中, cname=东校区食堂, photo=/IMAGE/USER/254a251b5a644ac5b206c96f7018f552_20190605.jpg, type=1, portrait=, token=coOHm+XYl0cXUk08xQ3inZKwwXfvziLl3O1csXgkvew=, sid=83, cid=10})
2019-06-12 11:15:04.907  INFO 17072 --- [http-nio-8081-exec-3] com.tlongx.common.aspect.WebLogAspect    : 耗时：513ms
2019-06-12 11:15:19.553  INFO 17072 --- [http-nio-8081-exec-2] com.tlongx.common.aspect.WebLogAspect    : URL : http://18.10.1.198:8081/sorder/order/getQrOrder
2019-06-12 11:15:19.553  INFO 17072 --- [http-nio-8081-exec-2] com.tlongx.common.aspect.WebLogAspect    : ARGS : [214]
2019-06-12 11:15:19.610  INFO 17072 --- [http-nio-8081-exec-2] com.tlongx.common.aspect.WebLogAspect    : RESPONSE : TLResult(msg=请求成功, code=200, data=[OrderDto(id=214, oid=O1560251384617477704, uid=a4fa0be52f1740a798bbf45d35a2e751, status=3, payType=1, payPrice=20.01, outTradeNo=OTN1560251384554585503, foodName=拉面, num=1, wfid=112, taste=null, username=蔡老师, sname=黄坡一中, cname=东校区食堂, wname=1号窗口), OrderDto(id=214, oid=O1560251384617477704, uid=a4fa0be52f1740a798bbf45d35a2e751, status=3, payType=1, payPrice=20.01, outTradeNo=OTN1560251384554585503, foodName=拉面, num=1, wfid=112, taste=null, username=蔡老师, sname=黄坡一中, cname=东校区食堂, wname=1号窗口), OrderDto(id=214, oid=O1560251384617477704, uid=a4fa0be52f1740a798bbf45d35a2e751, status=3, payType=1, payPrice=20.01, outTradeNo=OTN1560251384554585503, foodName=拉面, num=1, wfid=112, taste=null, username=蔡老师, sname=黄坡一中, cname=东校区食堂, wname=1号窗口)])
2019-06-12 11:15:19.610  INFO 17072 --- [http-nio-8081-exec-2] com.tlongx.common.aspect.WebLogAspect    : 耗时：58ms
2019-06-12 11:31:38.328  INFO 17072 --- [http-nio-8081-exec-4] com.tlongx.common.aspect.WebLogAspect    : URL : http://18.10.1.198:8081/sorder/user/login
2019-06-12 11:31:38.329  INFO 17072 --- [http-nio-8081-exec-4] com.tlongx.common.aspect.WebLogAspect    : ARGS : [null, 13200001111, 13200001111, 2]
2019-06-12 11:31:40.379  INFO 17072 --- [http-nio-8081-exec-4] com.tlongx.common.aspect.WebLogAspect    : RESPONSE : TLResult(msg=请求成功, code=200, data={uid=ad05ee2128984662a9878ec897543ae4, wid=29, uname=三员工, phone=13200001111, sname=黄坡一中, cname=东校区食堂, photo=/IMAGE/USER/254a251b5a644ac5b206c96f7018f552_20190605.jpg, type=1, portrait=, token=coOHm+XYl0cXUk08xQ3inX9PAMwT40ReY8meDOUObBk=, sid=83, cid=10})
2019-06-12 11:31:40.380  INFO 17072 --- [http-nio-8081-exec-4] com.tlongx.common.aspect.WebLogAspect    : 耗时：2052ms
2019-06-12 11:31:57.215  INFO 17072 --- [http-nio-8081-exec-6] com.tlongx.common.aspect.WebLogAspect    : URL : http://18.10.1.198:8081/sorder/order/getQrOrder
2019-06-12 11:31:57.216  INFO 17072 --- [http-nio-8081-exec-6] com.tlongx.common.aspect.WebLogAspect    : ARGS : [214]
2019-06-12 11:31:57.226  INFO 17072 --- [http-nio-8081-exec-6] com.tlongx.common.aspect.WebLogAspect    : RESPONSE : TLResult(msg=请求成功, code=200, data=[OrderDto(id=214, oid=O1560251384617477704, uid=a4fa0be52f1740a798bbf45d35a2e751, status=3, payType=1, payPrice=20.01, outTradeNo=OTN1560251384554585503, foodName=拉面, num=1, wfid=112, taste=null, username=蔡老师, sname=黄坡一中, cname=东校区食堂, wname=1号窗口), OrderDto(id=214, oid=O1560251384617477704, uid=a4fa0be52f1740a798bbf45d35a2e751, status=3, payType=1, payPrice=20.01, outTradeNo=OTN1560251384554585503, foodName=拉面, num=1, wfid=112, taste=null, username=蔡老师, sname=黄坡一中, cname=东校区食堂, wname=1号窗口), OrderDto(id=214, oid=O1560251384617477704, uid=a4fa0be52f1740a798bbf45d35a2e751, status=3, payType=1, payPrice=20.01, outTradeNo=OTN1560251384554585503, foodName=拉面, num=1, wfid=112, taste=null, username=蔡老师, sname=黄坡一中, cname=东校区食堂, wname=1号窗口)])
2019-06-12 11:31:57.227  INFO 17072 --- [http-nio-8081-exec-6] com.tlongx.common.aspect.WebLogAspect    : 耗时：12ms
2019-06-12 11:32:06.559  INFO 17072 --- [http-nio-8081-exec-5] com.tlongx.common.aspect.WebLogAspect    : URL : http://18.10.1.198:8081/sorder/order/takeFood
2019-06-12 11:32:06.560  INFO 17072 --- [http-nio-8081-exec-5] com.tlongx.common.aspect.WebLogAspect    : ARGS : [214]
2019-06-12 11:32:06.651  INFO 17072 --- [http-nio-8081-exec-5] com.tlongx.common.aspect.WebLogAspect    : RESPONSE : TLResult(msg=请求成功, code=200, data=null)
2019-06-12 11:32:06.652  INFO 17072 --- [http-nio-8081-exec-5] com.tlongx.common.aspect.WebLogAspect    : 耗时：93ms
2019-06-12 11:32:12.677  INFO 17072 --- [http-nio-8081-exec-7] com.tlongx.common.aspect.WebLogAspect    : URL : http://18.10.1.198:8081/sorder/food/getWindowByCid
2019-06-12 11:32:12.679  INFO 17072 --- [http-nio-8081-exec-7] com.tlongx.common.aspect.WebLogAspect    : ARGS : [10]
2019-06-12 11:32:12.716  INFO 17072 --- [http-nio-8081-exec-7] com.tlongx.common.aspect.WebLogAspect    : RESPONSE : TLResult(msg=请求成功, code=200, data=[com.tlongx.sorder.manager.pojo.Window@3d3d01e6, com.tlongx.sorder.manager.pojo.Window@6ddc2efe])
2019-06-12 11:32:12.716  INFO 17072 --- [http-nio-8081-exec-7] com.tlongx.common.aspect.WebLogAspect    : 耗时：39ms
2019-06-12 11:32:13.547  INFO 17072 --- [http-nio-8081-exec-8] com.tlongx.common.aspect.WebLogAspect    : URL : http://18.10.1.198:8081/sorder/food/getWindowFoodList
2019-06-12 11:32:13.548  INFO 17072 --- [http-nio-8081-exec-8] com.tlongx.common.aspect.WebLogAspect    : ARGS : [FoodVo(pageNum=1, pageSize=10, wid=29, type=null, ids=null, foodName=null, uid=null, fids=null, status=null, sid=null, startTime=null, endTime=null, id=null, cid=null, sortScore=null, sortPrice=null, uname=null, supplier=null)]
2019-06-12 11:32:13.633  INFO 17072 --- [http-nio-8081-exec-8] com.tlongx.common.aspect.WebLogAspect    : RESPONSE : TLResult(msg=请求成功, code=200, data={totalPage=1, count=6, list=Page{count=true, pageNum=1, pageSize=10, startRow=0, endRow=10, total=6, pages=1, reasonable=true, pageSizeZero=false}[FoodDto(id=117, wid=29, fid=21, status=1, type=2, foodName=炒饭, foodRmk=好吧好吃, photo=/IMAGE/USER/8d1e6350331a44c79fd7a7df3d9d5852_20190605.jpg, price=12.10, sellPrice=null, monthlySales=0, supplyEnd=null, supplyCount=null, supplyStart=null, crtime=2019-06-05 14:56:33, cardId=null, cartNum=null, dailySupply=null, residueSupply=null, barCode=null), FoodDto(id=112, wid=29, fid=20, status=1, type=2, foodName=拉面, foodRmk=兰州的，中国, photo=/IMAGE/USER/a799222379cd4f2b90671fbacbed5dfa_20190605.jpg, price=20.01, sellPrice=null, monthlySales=0, supplyEnd=null, supplyCount=null, supplyStart=null, crtime=2019-06-05 14:39:28, cardId=null, cartNum=null, dailySupply=null, residueSupply=null, barCode=null), FoodDto(id=107, wid=29, fid=19, status=0, type=2, foodName=小面, foodRmk=小面是重庆的，巴东, photo=/IMAGE/USER/407187062332402289e0c30c470db5e8_20190605.jpg, price=11.02, sellPrice=null, monthlySales=0, supplyEnd=null, supplyCount=null, supplyStart=null, crtime=2019-06-05 14:39:28, cardId=null, cartNum=null, dailySupply=null, residueSupply=null, barCode=null), FoodDto(id=90, wid=29, fid=54, status=1, type=1, foodName=红烧肉, foodRmk=好多肉！肉好多, photo=/IMAGE/USER/b61003682a0d4223aaadb9895335a1e4_20190604.jpg, price=18.00, sellPrice=null, monthlySales=0, supplyEnd=null, supplyCount=null, supplyStart=null, crtime=2019-06-04 21:01:19, cardId=null, cartNum=null, dailySupply=null, residueSupply=null, barCode=null), FoodDto(id=88, wid=29, fid=53, status=0, type=1, foodName=包子, foodRmk=大包, photo=/IMAGE/USER/2901d833a28f4d85a11f5395473fb9cb_20190604.jpg, price=5.00, sellPrice=null, monthlySales=0, supplyEnd=null, supplyCount=null, supplyStart=null, crtime=2019-06-04 20:21:52, cardId=null, cartNum=null, dailySupply=null, residueSupply=null, barCode=null), FoodDto(id=86, wid=29, fid=52, status=0, type=1, foodName=牛肉面, foodRmk=真的有牛肉！送黄酒, photo=/IMAGE/USER/54e2140e5c1b476b973456bf28f99013_20190604.jpg, price=19.00, sellPrice=null, monthlySales=0, supplyEnd=null, supplyCount=null, supplyStart=null, crtime=2019-06-04 20:21:52, cardId=null, cartNum=null, dailySupply=null, residueSupply=null, barCode=null)]})
2019-06-12 11:32:13.633  INFO 17072 --- [http-nio-8081-exec-8] com.tlongx.common.aspect.WebLogAspect    : 耗时：86ms
2019-06-12 11:32:30.182  INFO 17072 --- [http-nio-8081-exec-9] com.tlongx.common.aspect.WebLogAspect    : URL : http://18.10.1.198:8081/sorder/food/getWindowByCid
2019-06-12 11:32:30.183  INFO 17072 --- [http-nio-8081-exec-9] com.tlongx.common.aspect.WebLogAspect    : ARGS : [10]
2019-06-12 11:32:30.199  INFO 17072 --- [http-nio-8081-exec-9] com.tlongx.common.aspect.WebLogAspect    : RESPONSE : TLResult(msg=请求成功, code=200, data=[com.tlongx.sorder.manager.pojo.Window@119952c5, com.tlongx.sorder.manager.pojo.Window@66d2886d])
2019-06-12 11:32:30.200  INFO 17072 --- [http-nio-8081-exec-9] com.tlongx.common.aspect.WebLogAspect    : 耗时：18ms
2019-06-12 11:32:30.934  INFO 17072 --- [http-nio-8081-exec-10] com.tlongx.common.aspect.WebLogAspect    : URL : http://18.10.1.198:8081/sorder/food/getWindowFoodList
2019-06-12 11:32:30.935  INFO 17072 --- [http-nio-8081-exec-10] com.tlongx.common.aspect.WebLogAspect    : ARGS : [FoodVo(pageNum=1, pageSize=10, wid=29, type=null, ids=null, foodName=null, uid=null, fids=null, status=null, sid=null, startTime=null, endTime=null, id=null, cid=null, sortScore=null, sortPrice=null, uname=null, supplier=null)]
2019-06-12 11:32:30.982  INFO 17072 --- [http-nio-8081-exec-10] com.tlongx.common.aspect.WebLogAspect    : RESPONSE : TLResult(msg=请求成功, code=200, data={totalPage=1, count=6, list=Page{count=true, pageNum=1, pageSize=10, startRow=0, endRow=10, total=6, pages=1, reasonable=true, pageSizeZero=false}[FoodDto(id=117, wid=29, fid=21, status=1, type=2, foodName=炒饭, foodRmk=好吧好吃, photo=/IMAGE/USER/8d1e6350331a44c79fd7a7df3d9d5852_20190605.jpg, price=12.10, sellPrice=null, monthlySales=0, supplyEnd=null, supplyCount=null, supplyStart=null, crtime=2019-06-05 14:56:33, cardId=null, cartNum=null, dailySupply=null, residueSupply=null, barCode=null), FoodDto(id=112, wid=29, fid=20, status=1, type=2, foodName=拉面, foodRmk=兰州的，中国, photo=/IMAGE/USER/a799222379cd4f2b90671fbacbed5dfa_20190605.jpg, price=20.01, sellPrice=null, monthlySales=0, supplyEnd=null, supplyCount=null, supplyStart=null, crtime=2019-06-05 14:39:28, cardId=null, cartNum=null, dailySupply=null, residueSupply=null, barCode=null), FoodDto(id=107, wid=29, fid=19, status=0, type=2, foodName=小面, foodRmk=小面是重庆的，巴东, photo=/IMAGE/USER/407187062332402289e0c30c470db5e8_20190605.jpg, price=11.02, sellPrice=null, monthlySales=0, supplyEnd=null, supplyCount=null, supplyStart=null, crtime=2019-06-05 14:39:28, cardId=null, cartNum=null, dailySupply=null, residueSupply=null, barCode=null), FoodDto(id=90, wid=29, fid=54, status=1, type=1, foodName=红烧肉, foodRmk=好多肉！肉好多, photo=/IMAGE/USER/b61003682a0d4223aaadb9895335a1e4_20190604.jpg, price=18.00, sellPrice=null, monthlySales=0, supplyEnd=null, supplyCount=null, supplyStart=null, crtime=2019-06-04 21:01:19, cardId=null, cartNum=null, dailySupply=null, residueSupply=null, barCode=null), FoodDto(id=88, wid=29, fid=53, status=0, type=1, foodName=包子, foodRmk=大包, photo=/IMAGE/USER/2901d833a28f4d85a11f5395473fb9cb_20190604.jpg, price=5.00, sellPrice=null, monthlySales=0, supplyEnd=null, supplyCount=null, supplyStart=null, crtime=2019-06-04 20:21:52, cardId=null, cartNum=null, dailySupply=null, residueSupply=null, barCode=null), FoodDto(id=86, wid=29, fid=52, status=0, type=1, foodName=牛肉面, foodRmk=真的有牛肉！送黄酒, photo=/IMAGE/USER/54e2140e5c1b476b973456bf28f99013_20190604.jpg, price=19.00, sellPrice=null, monthlySales=0, supplyEnd=null, supplyCount=null, supplyStart=null, crtime=2019-06-04 20:21:52, cardId=null, cartNum=null, dailySupply=null, residueSupply=null, barCode=null)]})
2019-06-12 11:32:30.982  INFO 17072 --- [http-nio-8081-exec-10] com.tlongx.common.aspect.WebLogAspect    : 耗时：48ms
2019-06-12 11:48:21.668  INFO 17072 --- [http-nio-8081-exec-5] com.tlongx.common.aspect.WebLogAspect    : URL : http://18.10.1.198:8081/sorder/food/getWindowByCid
2019-06-12 11:48:21.669  INFO 17072 --- [http-nio-8081-exec-5] com.tlongx.common.aspect.WebLogAspect    : ARGS : [10]
2019-06-12 11:48:23.216  INFO 17072 --- [http-nio-8081-exec-7] com.tlongx.common.aspect.WebLogAspect    : URL : http://18.10.1.198:8081/sorder/user/getUserSupplierByUidList
2019-06-12 11:48:23.217  INFO 17072 --- [http-nio-8081-exec-7] com.tlongx.common.aspect.WebLogAspect    : ARGS : [UserSupplierVo(uid=null, phone=null, sids=null, shopName=null, leaderName=null, leaderPhone=null, mainProduct=null, idCardFront=null, idCardContrary=null, businessLicense=null, relevantLicense=null, approveTime=null, status=null, sid=83, pageNum=1, pageSize=10, foodName=null)]
2019-06-12 11:48:23.248  INFO 17072 --- [http-nio-8081-exec-7] com.tlongx.common.aspect.WebLogAspect    : RESPONSE : TLResult(msg=请求成功, code=200, data={totalPage=1, count=2, list=Page{count=true, pageNum=1, pageSize=10, startRow=0, endRow=10, total=2, pages=1, reasonable=true, pageSizeZero=false}[com.tlongx.sorder.user.pojo.UserSupplier@3b5322d4, com.tlongx.sorder.user.pojo.UserSupplier@49115ece]})
2019-06-12 11:48:23.248  INFO 17072 --- [http-nio-8081-exec-7] com.tlongx.common.aspect.WebLogAspect    : 耗时：32ms
2019-06-12 11:48:23.687  INFO 17072 --- [http-nio-8081-exec-5] com.tlongx.common.aspect.WebLogAspect    : RESPONSE : TLResult(msg=请求成功, code=200, data=[com.tlongx.sorder.manager.pojo.Window@1ca7fdf9, com.tlongx.sorder.manager.pojo.Window@38998d3b])
2019-06-12 11:48:23.687  INFO 17072 --- [http-nio-8081-exec-5] com.tlongx.common.aspect.WebLogAspect    : 耗时：2019ms
2019-06-12 13:31:51.301  INFO 17072 --- [Thread-31] o.s.s.c.ThreadPoolTaskScheduler          : Shutting down ExecutorService 'taskScheduler'
2019-06-12 13:31:51.303  INFO 17072 --- [Thread-31] o.s.s.concurrent.ThreadPoolTaskExecutor  : Shutting down ExecutorService 'applicationTaskExecutor'
2019-06-12 13:31:51.312  INFO 17072 --- [Thread-31] com.alibaba.druid.pool.DruidDataSource   : {dataSource-1} closed
